c:\users\janir\onedrive - put.poznan.pl\dokumenty\studia\semestr 4\grafika komputerowa i wizualizacja\bio_szkielet_07_win_2\x64\debug\assimp-vc143-mtd.dll
c:\users\janir\onedrive - put.poznan.pl\dokumenty\studia\semestr 4\grafika komputerowa i wizualizacja\bio_szkielet_07_win_2\x64\debug\zlibd1.dll
c:\users\janir\onedrive - put.poznan.pl\dokumenty\studia\semestr 4\grafika komputerowa i wizualizacja\bio_szkielet_07_win_2\x64\debug\pugixml.dll
c:\users\janir\onedrive - put.poznan.pl\pulpit\projekt2_0\x64\debug\assimp-vc143-mtd.dll
c:\users\janir\onedrive - put.poznan.pl\pulpit\projekt2_0\x64\debug\zlibd1.dll
c:\users\janir\onedrive - put.poznan.pl\pulpit\projekt2_0\x64\debug\pugixml.dll
c:\users\janir\onedrive - put.poznan.pl\dokumenty\studia\semestr 4\grafika komputerowa i wizualizacja\bio_szkielet_07_win_2\x64\debug\vc143.pdb
c:\users\janir\onedrive - put.poznan.pl\dokumenty\studia\semestr 4\grafika komputerowa i wizualizacja\bio_szkielet_07_win_2\x64\debug\vc143.idb
c:\users\janir\onedrive - put.poznan.pl\dokumenty\studia\semestr 4\grafika komputerowa i wizualizacja\bio_szkielet_07_win_2\x64\debug\torus.obj
c:\users\janir\onedrive - put.poznan.pl\dokumenty\studia\semestr 4\grafika komputerowa i wizualizacja\bio_szkielet_07_win_2\x64\debug\teapot.obj
c:\users\janir\onedrive - put.poznan.pl\dokumenty\studia\semestr 4\grafika komputerowa i wizualizacja\bio_szkielet_07_win_2\x64\debug\sphere.obj
c:\users\janir\onedrive - put.poznan.pl\dokumenty\studia\semestr 4\grafika komputerowa i wizualizacja\bio_szkielet_07_win_2\x64\debug\shaderprogram.obj
c:\users\janir\onedrive - put.poznan.pl\dokumenty\studia\semestr 4\grafika komputerowa i wizualizacja\bio_szkielet_07_win_2\x64\debug\model.obj
c:\users\janir\onedrive - put.poznan.pl\dokumenty\studia\semestr 4\grafika komputerowa i wizualizacja\bio_szkielet_07_win_2\x64\debug\main_file.obj
c:\users\janir\onedrive - put.poznan.pl\dokumenty\studia\semestr 4\grafika komputerowa i wizualizacja\bio_szkielet_07_win_2\x64\debug\lodepng.obj
c:\users\janir\onedrive - put.poznan.pl\dokumenty\studia\semestr 4\grafika komputerowa i wizualizacja\bio_szkielet_07_win_2\x64\debug\cube.obj
c:\users\janir\onedrive - put.poznan.pl\pulpit\projekt2_0\x64\debug\vc143.pdb
c:\users\janir\onedrive - put.poznan.pl\pulpit\projekt2_0\x64\debug\vc143.idb
c:\users\janir\onedrive - put.poznan.pl\pulpit\projekt2_0\x64\debug\torus.obj
c:\users\janir\onedrive - put.poznan.pl\pulpit\projekt2_0\x64\debug\teapot.obj
c:\users\janir\onedrive - put.poznan.pl\pulpit\projekt2_0\x64\debug\sphere.obj
c:\users\janir\onedrive - put.poznan.pl\pulpit\projekt2_0\x64\debug\shaderprogram.obj
c:\users\janir\onedrive - put.poznan.pl\pulpit\projekt2_0\x64\debug\model.obj
c:\users\janir\onedrive - put.poznan.pl\pulpit\projekt2_0\x64\debug\main_file.obj
c:\users\janir\onedrive - put.poznan.pl\pulpit\projekt2_0\x64\debug\lodepng.obj
c:\users\janir\onedrive - put.poznan.pl\pulpit\projekt2_0\x64\debug\cube.obj
c:\users\janir\onedrive - put.poznan.pl\dokumenty\studia\semestr 4\grafika komputerowa i wizualizacja\bio_szkielet_07_win_2\x64\debug\bio_szkielet_07_win.ilk
c:\users\janir\onedrive - put.poznan.pl\dokumenty\studia\semestr 4\grafika komputerowa i wizualizacja\bio_szkielet_07_win_2\x64\debug\bio_szkielet_07_win.exe
c:\users\janir\onedrive - put.poznan.pl\dokumenty\studia\semestr 4\grafika komputerowa i wizualizacja\bio_szkielet_07_win_2\x64\debug\bio_szkielet_07_win.pdb
c:\users\janir\onedrive - put.poznan.pl\pulpit\projekt2_0\x64\debug\bio_szkielet_07_win.exe
c:\users\janir\onedrive - put.poznan.pl\pulpit\projekt2_0\x64\debug\bio_szkielet_07_win.ilk
c:\users\janir\onedrive - put.poznan.pl\pulpit\projekt2_0\x64\debug\bio_szkielet_07_win.pdb
c:\users\janir\onedrive - put.poznan.pl\pulpit\projekt2_0\x64\debug\main_file.obj.enc
c:\users\janir\onedrive - put.poznan.pl\pulpit\projekt2_0\x64\debug\bio_szki.7288c82c.tlog\bio_szkielet_07_win.write.1u.tlog
c:\users\janir\onedrive - put.poznan.pl\pulpit\projekt2_0\x64\debug\bio_szki.7288c82c.tlog\cl.command.1.tlog
c:\users\janir\onedrive - put.poznan.pl\pulpit\projekt2_0\x64\debug\bio_szki.7288c82c.tlog\cl.read.1.tlog
c:\users\janir\onedrive - put.poznan.pl\pulpit\projekt2_0\x64\debug\bio_szki.7288c82c.tlog\cl.write.1.tlog
c:\users\janir\onedrive - put.poznan.pl\pulpit\projekt2_0\x64\debug\bio_szki.7288c82c.tlog\link.command.1.tlog
c:\users\janir\onedrive - put.poznan.pl\pulpit\projekt2_0\x64\debug\bio_szki.7288c82c.tlog\link.read.1.tlog
c:\users\janir\onedrive - put.poznan.pl\pulpit\projekt2_0\x64\debug\bio_szki.7288c82c.tlog\link.write.1.tlog
